2017-02-15 13:17:50,312 INFO util.FileUtil.findFile() - 找到文件: F:\Users\pineapple\workspace\novel.spider\src\main\java\novel\spider\configuration\Configuration.java
2017-02-15 13:17:50,314 INFO util.FileUtil.findFile() - 找到文件: F:\Users\pineapple\workspace\novel.spider\src\main\java\novel\spider\entitys\Chapter.java
2017-02-15 13:17:50,314 INFO util.FileUtil.findFile() - 找到文件: F:\Users\pineapple\workspace\novel.spider\src\main\java\novel\spider\entitys\ChapterDetail.java
2017-02-15 13:17:50,315 INFO util.FileUtil.findFile() - 找到文件: F:\Users\pineapple\workspace\novel.spider\src\main\java\novel\spider\entitys\Novel.java
2017-02-15 13:17:50,315 INFO util.FileUtil.findFile() - 找到文件: F:\Users\pineapple\workspace\novel.spider\src\main\java\novel\spider\impl\AbstractSpider.java
2017-02-15 13:17:50,316 INFO util.FileUtil.findFile() - 找到文件: F:\Users\pineapple\workspace\novel.spider\src\main\java\novel\spider\impl\chapter\AbstractChapterDetailSpider.java
2017-02-15 13:17:50,316 INFO util.FileUtil.findFile() - 找到文件: F:\Users\pineapple\workspace\novel.spider\src\main\java\novel\spider\impl\chapter\AbstractChapterSpider.java
2017-02-15 13:17:50,316 INFO util.FileUtil.findFile() - 找到文件: F:\Users\pineapple\workspace\novel.spider\src\main\java\novel\spider\impl\chapter\BxwxChapterSpider.java
2017-02-15 13:17:50,317 INFO util.FileUtil.findFile() - 找到文件: F:\Users\pineapple\workspace\novel.spider\src\main\java\novel\spider\impl\chapter\DefaultChapterDetailSpider.java
2017-02-15 13:17:50,317 INFO util.FileUtil.findFile() - 找到文件: F:\Users\pineapple\workspace\novel.spider\src\main\java\novel\spider\impl\chapter\DefaultChapterSpider.java
2017-02-15 13:17:50,317 INFO util.FileUtil.findFile() - 找到文件: F:\Users\pineapple\workspace\novel.spider\src\main\java\novel\spider\impl\download\NovelDownload.java
2017-02-15 13:17:50,318 INFO util.FileUtil.findFile() - 找到文件: F:\Users\pineapple\workspace\novel.spider\src\main\java\novel\spider\impl\novel\AbstractNovelSpider.java
2017-02-15 13:17:50,318 INFO util.FileUtil.findFile() - 找到文件: F:\Users\pineapple\workspace\novel.spider\src\main\java\novel\spider\impl\novel\BxwxNovelSpider.java
2017-02-15 13:17:50,318 INFO util.FileUtil.findFile() - 找到文件: F:\Users\pineapple\workspace\novel.spider\src\main\java\novel\spider\impl\novel\KanShuZhongNovelSpider.java
2017-02-15 13:17:50,318 INFO util.FileUtil.findFile() - 找到文件: F:\Users\pineapple\workspace\novel.spider\src\main\java\novel\spider\interfaces\IChapterDetailSpider.java
2017-02-15 13:17:50,319 INFO util.FileUtil.findFile() - 找到文件: F:\Users\pineapple\workspace\novel.spider\src\main\java\novel\spider\interfaces\IChapterSpider.java
2017-02-15 13:17:50,319 INFO util.FileUtil.findFile() - 找到文件: F:\Users\pineapple\workspace\novel.spider\src\main\java\novel\spider\interfaces\INovelDownload.java
2017-02-15 13:17:50,319 INFO util.FileUtil.findFile() - 找到文件: F:\Users\pineapple\workspace\novel.spider\src\main\java\novel\spider\interfaces\INovelSpider.java
2017-02-15 13:17:50,319 INFO util.FileUtil.findFile() - 找到文件: F:\Users\pineapple\workspace\novel.spider\src\main\java\novel\spider\NovelSiteEnum.java
2017-02-15 13:17:50,320 INFO util.FileUtil.findFile() - 找到文件: F:\Users\pineapple\workspace\novel.spider\src\main\java\novel\spider\util\ChapterDetailSpiderFactory.java
2017-02-15 13:17:50,320 INFO util.FileUtil.findFile() - 找到文件: F:\Users\pineapple\workspace\novel.spider\src\main\java\novel\spider\util\ChapterSpiderFactory.java
2017-02-15 13:17:50,320 INFO util.FileUtil.findFile() - 找到文件: F:\Users\pineapple\workspace\novel.spider\src\main\java\novel\spider\util\NovelSpiderFactory.java
2017-02-15 13:17:50,320 INFO util.FileUtil.findFile() - 找到文件: F:\Users\pineapple\workspace\novel.spider\src\main\java\novel\spider\util\NovelSpiderHttpGet.java
2017-02-15 13:17:50,320 INFO util.FileUtil.findFile() - 找到文件: F:\Users\pineapple\workspace\novel.spider\src\main\java\novel\spider\util\NovelSpiderUtil.java
2017-02-15 13:17:50,321 INFO util.FileUtil.findFile() - 找到文件: F:\Users\pineapple\workspace\novel.spider\src\test\java\novel\spider\junit\Testcase.java
2017-02-15 13:17:50,323 INFO util.FileUtil.convert() - 正在转换文件： F:\Users\pineapple\workspace\novel.spider\src\main\java\novel\spider\configuration\Configuration.java
2017-02-15 13:17:50,324 INFO util.FileUtil.convert() - 正在转换文件： F:\Users\pineapple\workspace\novel.spider\src\main\java\novel\spider\entitys\Chapter.java
2017-02-15 13:17:50,325 INFO util.FileUtil.convert() - 正在转换文件： F:\Users\pineapple\workspace\novel.spider\src\main\java\novel\spider\entitys\ChapterDetail.java
2017-02-15 13:17:50,325 INFO util.FileUtil.convert() - 正在转换文件： F:\Users\pineapple\workspace\novel.spider\src\main\java\novel\spider\entitys\Novel.java
2017-02-15 13:17:50,326 INFO util.FileUtil.convert() - 正在转换文件： F:\Users\pineapple\workspace\novel.spider\src\main\java\novel\spider\impl\AbstractSpider.java
2017-02-15 13:17:50,326 INFO util.FileUtil.convert() - 正在转换文件： F:\Users\pineapple\workspace\novel.spider\src\main\java\novel\spider\impl\chapter\AbstractChapterDetailSpider.java
2017-02-15 13:17:50,327 INFO util.FileUtil.convert() - 正在转换文件： F:\Users\pineapple\workspace\novel.spider\src\main\java\novel\spider\impl\chapter\AbstractChapterSpider.java
2017-02-15 13:17:50,328 INFO util.FileUtil.convert() - 正在转换文件： F:\Users\pineapple\workspace\novel.spider\src\main\java\novel\spider\impl\chapter\BxwxChapterSpider.java
2017-02-15 13:17:50,328 INFO util.FileUtil.convert() - 正在转换文件： F:\Users\pineapple\workspace\novel.spider\src\main\java\novel\spider\impl\chapter\DefaultChapterDetailSpider.java
2017-02-15 13:17:50,328 INFO util.FileUtil.convert() - 正在转换文件： F:\Users\pineapple\workspace\novel.spider\src\main\java\novel\spider\impl\chapter\DefaultChapterSpider.java
2017-02-15 13:17:50,329 INFO util.FileUtil.convert() - 正在转换文件： F:\Users\pineapple\workspace\novel.spider\src\main\java\novel\spider\impl\download\NovelDownload.java
2017-02-15 13:17:50,330 INFO util.FileUtil.convert() - 正在转换文件： F:\Users\pineapple\workspace\novel.spider\src\main\java\novel\spider\impl\novel\AbstractNovelSpider.java
2017-02-15 13:17:50,330 INFO util.FileUtil.convert() - 正在转换文件： F:\Users\pineapple\workspace\novel.spider\src\main\java\novel\spider\impl\novel\BxwxNovelSpider.java
2017-02-15 13:17:50,331 INFO util.FileUtil.convert() - 正在转换文件： F:\Users\pineapple\workspace\novel.spider\src\main\java\novel\spider\impl\novel\KanShuZhongNovelSpider.java
2017-02-15 13:17:50,331 INFO util.FileUtil.convert() - 正在转换文件： F:\Users\pineapple\workspace\novel.spider\src\main\java\novel\spider\interfaces\IChapterDetailSpider.java
2017-02-15 13:17:50,332 INFO util.FileUtil.convert() - 正在转换文件： F:\Users\pineapple\workspace\novel.spider\src\main\java\novel\spider\interfaces\IChapterSpider.java
2017-02-15 13:17:50,332 INFO util.FileUtil.convert() - 正在转换文件： F:\Users\pineapple\workspace\novel.spider\src\main\java\novel\spider\interfaces\INovelDownload.java
2017-02-15 13:17:50,333 INFO util.FileUtil.convert() - 正在转换文件： F:\Users\pineapple\workspace\novel.spider\src\main\java\novel\spider\interfaces\INovelSpider.java
2017-02-15 13:17:50,333 INFO util.FileUtil.convert() - 正在转换文件： F:\Users\pineapple\workspace\novel.spider\src\main\java\novel\spider\NovelSiteEnum.java
2017-02-15 13:17:50,334 INFO util.FileUtil.convert() - 正在转换文件： F:\Users\pineapple\workspace\novel.spider\src\main\java\novel\spider\util\ChapterDetailSpiderFactory.java
2017-02-15 13:17:50,334 INFO util.FileUtil.convert() - 正在转换文件： F:\Users\pineapple\workspace\novel.spider\src\main\java\novel\spider\util\ChapterSpiderFactory.java
2017-02-15 13:17:50,335 INFO util.FileUtil.convert() - 正在转换文件： F:\Users\pineapple\workspace\novel.spider\src\main\java\novel\spider\util\NovelSpiderFactory.java
2017-02-15 13:17:50,335 INFO util.FileUtil.convert() - 正在转换文件： F:\Users\pineapple\workspace\novel.spider\src\main\java\novel\spider\util\NovelSpiderHttpGet.java
2017-02-15 13:17:50,336 INFO util.FileUtil.convert() - 正在转换文件： F:\Users\pineapple\workspace\novel.spider\src\main\java\novel\spider\util\NovelSpiderUtil.java
2017-02-15 13:17:50,336 INFO util.FileUtil.convert() - 正在转换文件： F:\Users\pineapple\workspace\novel.spider\src\test\java\novel\spider\junit\Testcase.java
2017-02-15 13:18:02,694 INFO util.FileUtil.findFile() - 找到文件: F:\Users\pineapple\workspace\novel.storage\src\main\java\novel\storage\impl\AbstractNovelStorage.java
2017-02-15 13:18:02,696 INFO util.FileUtil.findFile() - 找到文件: F:\Users\pineapple\workspace\novel.storage\src\main\java\novel\storage\impl\BxwxNovelStorageImpl.java
2017-02-15 13:18:02,696 INFO util.FileUtil.findFile() - 找到文件: F:\Users\pineapple\workspace\novel.storage\src\main\java\novel\storage\impl\KanShuZhongNovelStorageImpl.java
2017-02-15 13:18:02,697 INFO util.FileUtil.findFile() - 找到文件: F:\Users\pineapple\workspace\novel.storage\src\main\java\novel\storage\mapper\NovelMapper.java
2017-02-15 13:18:02,697 INFO util.FileUtil.findFile() - 找到文件: F:\Users\pineapple\workspace\novel.storage\src\main\java\novel\storage\Processor.java
2017-02-15 13:18:02,698 INFO util.FileUtil.findFile() - 找到文件: F:\Users\pineapple\workspace\novel.storage\src\test\java\novel\storage\Testcase.java
2017-02-15 13:18:02,700 INFO util.FileUtil.convert() - 正在转换文件： F:\Users\pineapple\workspace\novel.storage\src\main\java\novel\storage\impl\AbstractNovelStorage.java
2017-02-15 13:18:02,700 INFO util.FileUtil.convert() - 正在转换文件： F:\Users\pineapple\workspace\novel.storage\src\main\java\novel\storage\impl\BxwxNovelStorageImpl.java
2017-02-15 13:18:02,701 INFO util.FileUtil.convert() - 正在转换文件： F:\Users\pineapple\workspace\novel.storage\src\main\java\novel\storage\impl\KanShuZhongNovelStorageImpl.java
2017-02-15 13:18:02,702 INFO util.FileUtil.convert() - 正在转换文件： F:\Users\pineapple\workspace\novel.storage\src\main\java\novel\storage\mapper\NovelMapper.java
2017-02-15 13:18:02,702 INFO util.FileUtil.convert() - 正在转换文件： F:\Users\pineapple\workspace\novel.storage\src\main\java\novel\storage\Processor.java
2017-02-15 13:18:02,703 INFO util.FileUtil.convert() - 正在转换文件： F:\Users\pineapple\workspace\novel.storage\src\test\java\novel\storage\Testcase.java
2017-02-15 13:18:14,064 INFO util.FileUtil.findFile() - 找到文件: F:\Users\pineapple\workspace\novel.web\src\main\java\novel\web\controller\HelloNovelSpiderController.java
2017-02-15 13:18:14,066 INFO util.FileUtil.findFile() - 找到文件: F:\Users\pineapple\workspace\novel.web\src\main\java\novel\web\controller\NovelController.java
2017-02-15 13:18:14,066 INFO util.FileUtil.findFile() - 找到文件: F:\Users\pineapple\workspace\novel.web\src\main\java\novel\web\entitys\JSONResponse.java
2017-02-15 13:18:14,067 INFO util.FileUtil.findFile() - 找到文件: F:\Users\pineapple\workspace\novel.web\src\main\java\novel\web\mapper\NovelMapper.java
2017-02-15 13:18:14,067 INFO util.FileUtil.findFile() - 找到文件: F:\Users\pineapple\workspace\novel.web\src\main\java\novel\web\service\NovelService.java
2017-02-15 13:18:14,068 INFO util.FileUtil.findFile() - 找到文件: F:\Users\pineapple\workspace\novel.web\src\main\java\novel\web\service\NovelServiceImpl.java
2017-02-15 13:18:14,070 INFO util.FileUtil.convert() - 正在转换文件： F:\Users\pineapple\workspace\novel.web\src\main\java\novel\web\controller\HelloNovelSpiderController.java
2017-02-15 13:18:14,071 INFO util.FileUtil.convert() - 正在转换文件： F:\Users\pineapple\workspace\novel.web\src\main\java\novel\web\controller\NovelController.java
2017-02-15 13:18:14,072 INFO util.FileUtil.convert() - 正在转换文件： F:\Users\pineapple\workspace\novel.web\src\main\java\novel\web\entitys\JSONResponse.java
2017-02-15 13:18:14,073 INFO util.FileUtil.convert() - 正在转换文件： F:\Users\pineapple\workspace\novel.web\src\main\java\novel\web\mapper\NovelMapper.java
2017-02-15 13:18:14,074 INFO util.FileUtil.convert() - 正在转换文件： F:\Users\pineapple\workspace\novel.web\src\main\java\novel\web\service\NovelService.java
2017-02-15 13:18:14,074 INFO util.FileUtil.convert() - 正在转换文件： F:\Users\pineapple\workspace\novel.web\src\main\java\novel\web\service\NovelServiceImpl.java
2017-04-20 21:19:06,893 INFO util.FileUtil.findFile() - 找到文件: C:\Users\pineapple\Desktop\Lesson7\src\com\lzm\bean\OrderInfo.java
2017-04-20 21:19:06,907 INFO util.FileUtil.findFile() - 找到文件: C:\Users\pineapple\Desktop\Lesson7\src\com\lzm\servlet\ChoiceBookServlet.java
2017-04-20 21:19:06,908 INFO util.FileUtil.findFile() - 找到文件: C:\Users\pineapple\Desktop\Lesson7\src\com\lzm\servlet\OrderServlet.java
2017-04-20 21:19:06,908 INFO util.FileUtil.findFile() - 找到文件: C:\Users\pineapple\Desktop\Lesson7\src\com\lzm\servlet\TokenServlet.java
2017-04-20 21:19:06,913 INFO util.FileUtil.convert() - 正在转换文件： C:\Users\pineapple\Desktop\Lesson7\src\com\lzm\bean\OrderInfo.java
2017-04-20 21:19:06,915 INFO util.FileUtil.convert() - 正在转换文件： C:\Users\pineapple\Desktop\Lesson7\src\com\lzm\servlet\ChoiceBookServlet.java
2017-04-20 21:19:06,917 INFO util.FileUtil.convert() - 正在转换文件： C:\Users\pineapple\Desktop\Lesson7\src\com\lzm\servlet\OrderServlet.java
2017-04-20 21:19:06,919 INFO util.FileUtil.convert() - 正在转换文件： C:\Users\pineapple\Desktop\Lesson7\src\com\lzm\servlet\TokenServlet.java
2017-05-07 09:19:24,695 INFO util.FileUtil.findFile() - 找到文件: C:\Users\pineapple\Desktop\Lesson10\src\com\lzm\filter\FirstFilter.java
2017-05-07 09:19:24,695 INFO util.FileUtil.findFile() - 找到文件: C:\Users\pineapple\Desktop\Lesson10\src\com\lzm\filter\ForwardFilter.java
2017-05-07 09:19:24,695 INFO util.FileUtil.findFile() - 找到文件: C:\Users\pineapple\Desktop\Lesson10\src\com\lzm\filter\PasswdFilter.java
2017-05-07 09:19:24,710 INFO util.FileUtil.findFile() - 找到文件: C:\Users\pineapple\Desktop\Lesson10\src\com\lzm\filter\PasswordFilter.java
2017-05-07 09:19:24,710 INFO util.FileUtil.findFile() - 找到文件: C:\Users\pineapple\Desktop\Lesson10\src\com\lzm\filter\SecondFilter.java
2017-05-07 09:19:24,710 INFO util.FileUtil.findFile() - 找到文件: C:\Users\pineapple\Desktop\Lesson10\src\com\lzm\filter\UserNameFilter.java
2017-05-07 09:19:24,710 INFO util.FileUtil.findFile() - 找到文件: C:\Users\pineapple\Desktop\Lesson10\src\com\lzm\filter\WordFilter.java
2017-05-07 09:19:24,710 INFO util.FileUtil.findFile() - 找到文件: C:\Users\pineapple\Desktop\Lesson10\src\com\lzm\servlet\MyServlet.java
2017-05-07 09:19:24,710 INFO util.FileUtil.findFile() - 找到文件: C:\Users\pineapple\Desktop\Lesson10\src\com\lzm\servlet\ParameterRequestWrapper.java
2017-05-07 09:19:24,710 INFO util.FileUtil.convert() - 正在转换文件： C:\Users\pineapple\Desktop\Lesson10\src\com\lzm\filter\FirstFilter.java
2017-05-07 09:19:24,710 INFO util.FileUtil.convert() - 正在转换文件： C:\Users\pineapple\Desktop\Lesson10\src\com\lzm\filter\ForwardFilter.java
2017-05-07 09:19:24,710 INFO util.FileUtil.convert() - 正在转换文件： C:\Users\pineapple\Desktop\Lesson10\src\com\lzm\filter\PasswdFilter.java
2017-05-07 09:19:24,710 INFO util.FileUtil.convert() - 正在转换文件： C:\Users\pineapple\Desktop\Lesson10\src\com\lzm\filter\PasswordFilter.java
2017-05-07 09:19:24,710 INFO util.FileUtil.convert() - 正在转换文件： C:\Users\pineapple\Desktop\Lesson10\src\com\lzm\filter\SecondFilter.java
2017-05-07 09:19:24,710 INFO util.FileUtil.convert() - 正在转换文件： C:\Users\pineapple\Desktop\Lesson10\src\com\lzm\filter\UserNameFilter.java
2017-05-07 09:19:24,726 INFO util.FileUtil.convert() - 正在转换文件： C:\Users\pineapple\Desktop\Lesson10\src\com\lzm\filter\WordFilter.java
2017-05-07 09:19:24,726 INFO util.FileUtil.convert() - 正在转换文件： C:\Users\pineapple\Desktop\Lesson10\src\com\lzm\servlet\MyServlet.java
2017-05-07 09:19:24,726 INFO util.FileUtil.convert() - 正在转换文件： C:\Users\pineapple\Desktop\Lesson10\src\com\lzm\servlet\ParameterRequestWrapper.java
2017-08-22 10:52:40,473 INFO util.FileUtil.findFile() - 找到文件: C:\Users\pineapple\Desktop\eb_upload\eb\eb\src\html\Access.java
2017-08-22 10:52:40,489 INFO util.FileUtil.findFile() - 找到文件: C:\Users\pineapple\Desktop\eb_upload\eb\eb\src\html\Test.java
2017-08-22 10:52:40,489 INFO util.FileUtil.findFile() - 找到文件: C:\Users\pineapple\Desktop\eb_upload\eb\eb\src\piccode\ImageParser.java
2017-08-22 10:52:40,489 INFO util.FileUtil.convert() - 正在转换文件： C:\Users\pineapple\Desktop\eb_upload\eb\eb\src\html\Access.java
2017-08-22 10:52:40,489 INFO util.FileUtil.convert() - 正在转换文件： C:\Users\pineapple\Desktop\eb_upload\eb\eb\src\html\Test.java
2017-08-22 10:52:40,489 INFO util.FileUtil.convert() - 正在转换文件： C:\Users\pineapple\Desktop\eb_upload\eb\eb\src\piccode\ImageParser.java
2017-08-22 11:11:36,807 INFO util.FileUtil.findFile() - 找到文件: C:\Users\pineapple\Desktop\javaOcr\src\cn\pwntcha\ImagePreProcess.java
2017-08-22 11:11:36,807 INFO util.FileUtil.findFile() - 找到文件: C:\Users\pineapple\Desktop\javaOcr\src\cn\pwntcha\ImagePreProcess2.java
2017-08-22 11:11:36,807 INFO util.FileUtil.findFile() - 找到文件: C:\Users\pineapple\Desktop\javaOcr\src\cn\pwntcha\ImagePreProcess3.java
2017-08-22 11:11:36,807 INFO util.FileUtil.findFile() - 找到文件: C:\Users\pineapple\Desktop\javaOcr\src\cn\pwntcha\ImagePreProcess4.java
2017-08-22 11:11:36,807 INFO util.FileUtil.findFile() - 找到文件: C:\Users\pineapple\Desktop\javaOcr\src\cn\pwntcha\ImagePreProcess5.java
2017-08-22 11:11:36,807 INFO util.FileUtil.findFile() - 找到文件: C:\Users\pineapple\Desktop\javaOcr\src\cn\pwntcha\RandomNum.java
2017-08-22 11:11:36,807 INFO util.FileUtil.findFile() - 找到文件: C:\Users\pineapple\Desktop\javaOcr\src\cn\pwntcha\svm\svm_predict.java
2017-08-22 11:11:36,807 INFO util.FileUtil.findFile() - 找到文件: C:\Users\pineapple\Desktop\javaOcr\src\cn\pwntcha\svm\svm_scale.java
2017-08-22 11:11:36,807 INFO util.FileUtil.findFile() - 找到文件: C:\Users\pineapple\Desktop\javaOcr\src\cn\pwntcha\svm\svm_toy.java
2017-08-22 11:11:36,807 INFO util.FileUtil.findFile() - 找到文件: C:\Users\pineapple\Desktop\javaOcr\src\cn\pwntcha\svm\svm_train.java
2017-08-22 11:11:36,807 INFO util.FileUtil.convert() - 正在转换文件： C:\Users\pineapple\Desktop\javaOcr\src\cn\pwntcha\ImagePreProcess.java
2017-08-22 11:11:36,807 INFO util.FileUtil.convert() - 正在转换文件： C:\Users\pineapple\Desktop\javaOcr\src\cn\pwntcha\ImagePreProcess2.java
2017-08-22 11:11:36,807 INFO util.FileUtil.convert() - 正在转换文件： C:\Users\pineapple\Desktop\javaOcr\src\cn\pwntcha\ImagePreProcess3.java
2017-08-22 11:11:36,807 INFO util.FileUtil.convert() - 正在转换文件： C:\Users\pineapple\Desktop\javaOcr\src\cn\pwntcha\ImagePreProcess4.java
2017-08-22 11:11:36,807 INFO util.FileUtil.convert() - 正在转换文件： C:\Users\pineapple\Desktop\javaOcr\src\cn\pwntcha\ImagePreProcess5.java
2017-08-22 11:11:36,823 INFO util.FileUtil.convert() - 正在转换文件： C:\Users\pineapple\Desktop\javaOcr\src\cn\pwntcha\RandomNum.java
2017-08-22 11:11:36,823 INFO util.FileUtil.convert() - 正在转换文件： C:\Users\pineapple\Desktop\javaOcr\src\cn\pwntcha\svm\svm_predict.java
2017-08-22 11:11:36,823 INFO util.FileUtil.convert() - 正在转换文件： C:\Users\pineapple\Desktop\javaOcr\src\cn\pwntcha\svm\svm_scale.java
2017-08-22 11:11:36,823 INFO util.FileUtil.convert() - 正在转换文件： C:\Users\pineapple\Desktop\javaOcr\src\cn\pwntcha\svm\svm_toy.java
2017-08-22 11:11:36,823 INFO util.FileUtil.convert() - 正在转换文件： C:\Users\pineapple\Desktop\javaOcr\src\cn\pwntcha\svm\svm_train.java
